<?xml version="1.0" encoding="UTF-8"?>
<!-- Generated by org.testng.reporters.JUnitReportReporter -->
<testsuite skipped="0" hostname="DESKTOP-OT8DC00" name="org.example.testRunners.R01_Smoke" tests="16" failures="0" timestamp="2022-10-22T14:13:37 EET" time="174.065" errors="1">
  <testcase name="runScenario" time="31.200" classname="org.example.testRunners.R01_Smoke"/>
  <system-out/>
  <testcase name="runScenario" time="7.201" classname="org.example.testRunners.R01_Smoke"/>
  <system-out/>
  <testcase name="runScenario" time="12.539" classname="org.example.testRunners.R01_Smoke"/>
  <system-out/>
  <testcase name="runScenario" time="8.798" classname="org.example.testRunners.R01_Smoke"/>
  <system-out/>
  <testcase name="runScenario" time="9.266" classname="org.example.testRunners.R01_Smoke"/>
  <system-out/>
  <testcase name="runScenario" time="8.946" classname="org.example.testRunners.R01_Smoke">
    <error type="java.lang.IndexOutOfBoundsException" message="Index: 1, Size: 1">
      <![CDATA[java.lang.IndexOutOfBoundsException: Index: 1, Size: 1
at java.util.ArrayList.rangeCheck(ArrayList.java:659)
at java.util.ArrayList.get(ArrayList.java:435)
at org.example.stepDefinitions.SD08_FollowUs.opens_new_tab(SD08_FollowUs.java:19)
at ✽."https://demo.nopcommerce.com/new-online-store-is-open" is opened in new tab(file:///C:/Users/Omar%20Alaa/IdeaProjects/Demo-NopCommerce-By-Sara-Omar/src/main/resources/features/F08_FollowUs.feature:20)
]]>
    </error>
  </testcase> <!-- runScenario -->
  <system-out/>
  <testcase name="runScenario" time="8.718" classname="org.example.testRunners.R01_Smoke"/>
  <system-out/>
  <testcase name="runScenario" time="7.185" classname="org.example.testRunners.R01_Smoke"/>
  <system-out/>
  <testcase name="runScenario" time="8.907" classname="org.example.testRunners.R01_Smoke"/>
  <system-out/>
  <testcase name="runScenario" time="10.604" classname="org.example.testRunners.R01_Smoke"/>
  <system-out/>
  <testcase name="runScenario" time="9.768" classname="org.example.testRunners.R01_Smoke"/>
  <system-out/>
  <testcase name="runScenario" time="10.394" classname="org.example.testRunners.R01_Smoke"/>
  <system-out/>
  <testcase name="runScenario" time="9.956" classname="org.example.testRunners.R01_Smoke"/>
  <system-out/>
  <testcase name="runScenario" time="9.500" classname="org.example.testRunners.R01_Smoke"/>
  <system-out/>
  <testcase name="runScenario" time="12.474" classname="org.example.testRunners.R01_Smoke"/>
  <system-out/>
  <testcase name="runScenario" time="8.609" classname="org.example.testRunners.R01_Smoke"/>
  <system-out/>
</testsuite> <!-- org.example.testRunners.R01_Smoke -->
